<?xml version="1.0" encoding="UTF-8"?>
<!-- Generated by org.testng.reporters.JUnitReportReporter -->
<testsuite skipped="0" hostname="Jaspreet-VAIO" name="Grouping_Demo.Grouping_Test" tests="4" failures="0" timestamp="01 Aug 2019 03:19:31 GMT" time="0.040" errors="0">
  <testcase name="m2" time="0.010" classname="Grouping_Demo.Grouping_Test"/>
  <testcase name="m7" time="0.003" classname="Grouping_Demo.Grouping_Test"/>
  <testcase name="m3" time="0.004" classname="Grouping_Demo.Grouping_Test"/>
  <testcase name="m1" time="0.023" classname="Grouping_Demo.Grouping_Test"/>
</testsuite> <!-- Grouping_Demo.Grouping_Test -->
