<?xml version="1.0" encoding="UTF-8"?>
<!-- Generated by org.testng.reporters.JUnitReportReporter -->
<testsuite skipped="0" hostname="Jaspreet-VAIO" name="TestRough" tests="2" failures="0" timestamp="02 Aug 2019 04:38:13 GMT" time="34.084" errors="0">
  <testcase name="m1" time="13.831" classname="TestRough"/>
  <testcase name="m2" time="20.253" classname="TestRough"/>
</testsuite> <!-- TestRough -->
