<?xml version="1.0" encoding="UTF-8"?>
<!-- Generated by org.testng.reporters.JUnitReportReporter -->
<testsuite skipped="0" hostname="Jaspreet-VAIO" name="All_Annotations" tests="2" failures="0" timestamp="21 Aug 2019 02:27:12 GMT" time="0.030" errors="0">
  <testcase name="ght" time="0.024" classname="All_Annotations"/>
  <testcase name="gasd" time="0.006" classname="All_Annotations"/>
</testsuite> <!-- All_Annotations -->
