<?xml version="1.0" encoding="UTF-8"?>
<!-- Generated by org.testng.reporters.JUnitReportReporter -->
<testsuite skipped="0" hostname="Jaspreet-VAIO" name="DataProvider_Demo.DataProvider_XL_Sheet" tests="3" failures="0" timestamp="07 Aug 2019 04:21:02 GMT" time="34.091" errors="0">
  <testcase name="Login" time="14.268" classname="DataProvider_Demo.DataProvider_XL_Sheet"/>
  <testcase name="Login" time="10.065" classname="DataProvider_Demo.DataProvider_XL_Sheet"/>
  <testcase name="Login" time="9.758" classname="DataProvider_Demo.DataProvider_XL_Sheet"/>
</testsuite> <!-- DataProvider_Demo.DataProvider_XL_Sheet -->
