<?xml version="1.0" encoding="UTF-8"?>
<!-- Generated by org.testng.reporters.JUnitReportReporter -->
<testsuite skipped="0" hostname="Jaspreet-VAIO" name="Grouping_Demo.Grouping_Practice" tests="6" failures="0" timestamp="21 Aug 2019 02:26:40 GMT" time="0.100" errors="0">
  <testcase name="Alpha" time="0.006" classname="Grouping_Demo.Grouping_Practice"/>
  <testcase name="Add" time="0.063" classname="Grouping_Demo.Grouping_Practice"/>
  <testcase name="Mul" time="0.006" classname="Grouping_Demo.Grouping_Practice"/>
  <testcase name="Alphao" time="0.014" classname="Grouping_Demo.Grouping_Practice"/>
  <testcase name="Div" time="0.005" classname="Grouping_Demo.Grouping_Practice"/>
  <testcase name="Alpha1" time="0.006" classname="Grouping_Demo.Grouping_Practice"/>
</testsuite> <!-- Grouping_Demo.Grouping_Practice -->
