<?xml version="1.0" encoding="UTF-8"?>
<!-- Generated by org.testng.reporters.JUnitReportReporter -->
<testsuite skipped="0" hostname="Jaspreet-VAIO" name="Test_Anno" tests="1" failures="0" timestamp="31 Jul 2019 05:12:44 GMT" time="0.011" errors="0">
  <testcase name="browser" time="0.011" classname="Test_Anno"/>
</testsuite> <!-- Test_Anno -->
