<?xml version="1.0" encoding="UTF-8"?>
<!-- Generated by org.testng.reporters.JUnitReportReporter -->
<testsuite skipped="0" hostname="Jaspreet-VAIO" name="AnnotationsDemo" tests="1" failures="0" timestamp="30 Jul 2019 03:19:56 GMT" time="3.536" errors="0">
  <testcase name="aLaunchBrowser" time="3.536" classname="AnnotationsDemo"/>
</testsuite> <!-- AnnotationsDemo -->
