<?xml version="1.0" encoding="UTF-8"?>
<!-- Generated by org.testng.reporters.JUnitReportReporter -->
<testsuite skipped="0" hostname="Jaspreet-VAIO" name="Annotaion_Priority" tests="4" failures="0" timestamp="31 Jul 2019 04:44:32 GMT" time="0.054" errors="0">
  <testcase name="m4" time="0.007" classname="Annotaion_Priority"/>
  <testcase name="m3" time="0.033" classname="Annotaion_Priority"/>
  <testcase name="m1" time="0.009" classname="Annotaion_Priority"/>
  <testcase name="m2" time="0.005" classname="Annotaion_Priority"/>
</testsuite> <!-- Annotaion_Priority -->
