<?xml version="1.0" encoding="UTF-8"?>
<!-- Generated by org.testng.reporters.JUnitReportReporter -->
<testsuite skipped="0" hostname="Jaspreet-VAIO" name="Screenshot.ScreenshotDemo" tests="1" failures="0" timestamp="21 Aug 2019 04:34:52 GMT" time="10.414" errors="0">
  <testcase name="Launchbrowser" time="10.414" classname="Screenshot.ScreenshotDemo"/>
</testsuite> <!-- Screenshot.ScreenshotDemo -->
