<?xml version="1.0" encoding="UTF-8"?>
<!-- Generated by org.testng.reporters.JUnitReportReporter -->
<testsuite skipped="0" hostname="Jaspreet-VAIO" name="Assertion_Demo.AnnotationsDemo_Assert" tests="3" failures="0" timestamp="01 Aug 2019 04:35:55 GMT" time="9.759" errors="0">
  <testcase name="LaunchBrowser" time="3.207" classname="Assertion_Demo.AnnotationsDemo_Assert"/>
  <testcase name="LaunchApp" time="6.538" classname="Assertion_Demo.AnnotationsDemo_Assert"/>
  <testcase name="Url" time="0.014" classname="Assertion_Demo.AnnotationsDemo_Assert"/>
</testsuite> <!-- Assertion_Demo.AnnotationsDemo_Assert -->
